# JRE version: OpenJDK Runtime Environment (17.0.7) (build 17.0.7+0-b2043.56-10550314)
# Java VM: OpenJDK 64-Bit Server VM (17.0.7+0-b2043.56-10550314, mixed mode, tiered, compressed oops, compressed class ptrs, g1 gc, windows-amd64)
GC Precious Log:
 CPUs: 20 total, 20 available
 Memory: 16081M
 Large Page Support: Disabled
 NUMA Support: Disabled
 Compressed Oops: Enabled (32-bit)
 Heap Region Size: 1M
 Heap Min Capacity: 8M
 Heap Initial Capacity: 252M
 Heap Max Capacity: 2G
 Pre-touch: Disabled
 Parallel Workers: 15
 Concurrent Workers: 4
 Concurrent Refinement Workers: 15
 Periodic GC: Disabled
Heap:
 garbage-first heap   total 346112K, used 224680K [0x0000000080000000, 0x0000000100000000)
  region size 1024K, 145 young (148480K), 9 survivors (9216K)
 Metaspace       used 58028K, committed 58624K, reserved 1114112K
  class space    used 7571K, committed 7872K, reserved 1048576K
GC Heap History (20 events):
Event: 9.570 GC heap before
{Heap before GC invocations=58 (full 0):
 garbage-first heap   total 239616K, used 205190K [0x0000000080000000, 0x0000000100000000)
  region size 1024K, 131 young (134144K), 8 survivors (8192K)
 Metaspace       used 57955K, committed 58560K, reserved 1114112K
  class space    used 7557K, committed 7808K, reserved 1048576K
}
Event: 9.573 GC heap after
{Heap after GC invocations=59 (full 0):
 garbage-first heap   total 239616K, used 80202K [0x0000000080000000, 0x0000000100000000)
  region size 1024K, 9 young (9216K), 9 survivors (9216K)
 Metaspace       used 57955K, committed 58560K, reserved 1114112K
  class space    used 7557K, committed 7808K, reserved 1048576K
}
Event: 9.740 GC heap before
{Heap before GC invocations=59 (full 0):
 garbage-first heap   total 239616K, used 204106K [0x0000000080000000, 0x0000000100000000)
  region size 1024K, 130 young (133120K), 9 survivors (9216K)
 Metaspace       used 57958K, committed 58560K, reserved 1114112K
  class space    used 7557K, committed 7808K, reserved 1048576K
}
Event: 9.743 GC heap after
{Heap after GC invocations=60 (full 0):
 garbage-first heap   total 239616K, used 80561K [0x0000000080000000, 0x0000000100000000)
  region size 1024K, 9 young (9216K), 9 survivors (9216K)
 Metaspace       used 57958K, committed 58560K, reserved 1114112K
  class space    used 7557K, committed 7808K, reserved 1048576K
}
Event: 9.869 GC heap before
{Heap before GC invocations=60 (full 0):
 garbage-first heap   total 239616K, used 204465K [0x0000000080000000, 0x0000000100000000)
  region size 1024K, 130 young (133120K), 9 survivors (9216K)
 Metaspace       used 57959K, committed 58560K, reserved 1114112K
  class space    used 7557K, committed 7808K, reserved 1048576K
}
Event: 9.871 GC heap after
{Heap after GC invocations=61 (full 0):
 garbage-first heap   total 239616K, used 80968K [0x0000000080000000, 0x0000000100000000)
  region size 1024K, 9 young (9216K), 9 survivors (9216K)
 Metaspace       used 57959K, committed 58560K, reserved 1114112K
  class space    used 7557K, committed 7808K, reserved 1048576K
}
Event: 10.003 GC heap before
{Heap before GC invocations=61 (full 0):
 garbage-first heap   total 239616K, used 204872K [0x0000000080000000, 0x0000000100000000)
  region size 1024K, 130 young (133120K), 9 survivors (9216K)
 Metaspace       used 57961K, committed 58560K, reserved 1114112K
  class space    used 7557K, committed 7808K, reserved 1048576K
}
Event: 10.006 GC heap after
{Heap after GC invocations=62 (full 0):
 garbage-first heap   total 239616K, used 81401K [0x0000000080000000, 0x0000000100000000)
  region size 1024K, 10 young (10240K), 10 survivors (10240K)
 Metaspace       used 57961K, committed 58560K, reserved 1114112K
  class space    used 7557K, committed 7808K, reserved 1048576K
}
Event: 10.118 GC heap before
{Heap before GC invocations=62 (full 0):
 garbage-first heap   total 239616K, used 203257K [0x0000000080000000, 0x0000000100000000)
  region size 1024K, 129 young (132096K), 10 survivors (10240K)
 Metaspace       used 57983K, committed 58624K, reserved 1114112K
  class space    used 7564K, committed 7872K, reserved 1048576K
}
Event: 10.121 GC heap after
{Heap after GC invocations=63 (full 0):
 garbage-first heap   total 287744K, used 82055K [0x0000000080000000, 0x0000000100000000)
  region size 1024K, 10 young (10240K), 10 survivors (10240K)
 Metaspace       used 57983K, committed 58624K, reserved 1114112K
  class space    used 7564K, committed 7872K, reserved 1048576K
}
Event: 10.317 GC heap before
{Heap before GC invocations=63 (full 0):
 garbage-first heap   total 287744K, used 254087K [0x0000000080000000, 0x0000000100000000)
  region size 1024K, 168 young (172032K), 10 survivors (10240K)
 Metaspace       used 57988K, committed 58624K, reserved 1114112K
  class space    used 7564K, committed 7872K, reserved 1048576K
}
Event: 10.320 GC heap after
{Heap after GC invocations=64 (full 0):
 garbage-first heap   total 287744K, used 83002K [0x0000000080000000, 0x0000000100000000)
  region size 1024K, 11 young (11264K), 11 survivors (11264K)
 Metaspace       used 57988K, committed 58624K, reserved 1114112K
  class space    used 7564K, committed 7872K, reserved 1048576K
}
Event: 10.432 GC heap before
{Heap before GC invocations=64 (full 0):
 garbage-first heap   total 287744K, used 243770K [0x0000000080000000, 0x0000000100000000)
  region size 1024K, 168 young (172032K), 11 survivors (11264K)
 Metaspace       used 57988K, committed 58624K, reserved 1114112K
  class space    used 7564K, committed 7872K, reserved 1048576K
}
Event: 10.436 GC heap after
{Heap after GC invocations=65 (full 0):
 garbage-first heap   total 287744K, used 83379K [0x0000000080000000, 0x0000000100000000)
  region size 1024K, 11 young (11264K), 11 survivors (11264K)
 Metaspace       used 57988K, committed 58624K, reserved 1114112K
  class space    used 7564K, committed 7872K, reserved 1048576K
}
Event: 10.558 GC heap before
{Heap before GC invocations=65 (full 0):
 garbage-first heap   total 287744K, used 245171K [0x0000000080000000, 0x0000000100000000)
  region size 1024K, 168 young (172032K), 11 survivors (11264K)
 Metaspace       used 57988K, committed 58624K, reserved 1114112K
  class space    used 7564K, committed 7872K, reserved 1048576K
}
Event: 10.561 GC heap after
{Heap after GC invocations=66 (full 0):
 garbage-first heap   total 287744K, used 83792K [0x0000000080000000, 0x0000000100000000)
  region size 1024K, 12 young (12288K), 12 survivors (12288K)
 Metaspace       used 57988K, committed 58624K, reserved 1114112K
  class space    used 7564K, committed 7872K, reserved 1048576K
}
Event: 10.715 GC heap before
{Heap before GC invocations=66 (full 0):
 garbage-first heap   total 287744K, used 243536K [0x0000000080000000, 0x0000000100000000)
  region size 1024K, 168 young (172032K), 12 survivors (12288K)
 Metaspace       used 57992K, committed 58624K, reserved 1114112K
  class space    used 7564K, committed 7872K, reserved 1048576K
}
Event: 10.719 GC heap after
{Heap after GC invocations=67 (full 0):
 garbage-first heap   total 287744K, used 84880K [0x0000000080000000, 0x0000000100000000)
  region size 1024K, 13 young (13312K), 13 survivors (13312K)
 Metaspace       used 57992K, committed 58624K, reserved 1114112K
  class space    used 7564K, committed 7872K, reserved 1048576K
}
Event: 10.870 GC heap before
{Heap before GC invocations=67 (full 0):
 garbage-first heap   total 287744K, used 242576K [0x0000000080000000, 0x0000000100000000)
  region size 1024K, 167 young (171008K), 13 survivors (13312K)
 Metaspace       used 57993K, committed 58624K, reserved 1114112K
  class space    used 7564K, committed 7872K, reserved 1048576K
}
Event: 10.874 GC heap after
{Heap after GC invocations=68 (full 0):
 garbage-first heap   total 346112K, used 86440K [0x0000000080000000, 0x0000000100000000)
  region size 1024K, 9 young (9216K), 9 survivors (9216K)
 Metaspace       used 57993K, committed 58624K, reserved 1114112K
  class space    used 7564K, committed 7872K, reserved 1048576K
}

