# JRE version: OpenJDK Runtime Environment (17.0.7) (build 17.0.7+0-b2043.56-10550314)
# Java VM: OpenJDK 64-Bit Server VM (17.0.7+0-b2043.56-10550314, mixed mode, tiered, compressed oops, compressed class ptrs, g1 gc, windows-amd64)
GC Precious Log:
 CPUs: 20 total, 20 available
 Memory: 16081M
 Large Page Support: Disabled
 NUMA Support: Disabled
 Compressed Oops: Enabled (32-bit)
 Heap Region Size: 1M
 Heap Min Capacity: 8M
 Heap Initial Capacity: 252M
 Heap Max Capacity: 2G
 Pre-touch: Disabled
 Parallel Workers: 15
 Concurrent Workers: 4
 Concurrent Refinement Workers: 15
 Periodic GC: Disabled
Heap:
 garbage-first heap   total 174080K, used 81937K [0x0000000080000000, 0x0000000100000000)
  region size 1024K, 18 young (18432K), 3 survivors (3072K)
 Metaspace       used 53293K, committed 53632K, reserved 1114112K
  class space    used 7073K, committed 7232K, reserved 1048576K
GC Heap History (20 events):
Event: 4.980 GC heap before
{Heap before GC invocations=22 (full 0):
 garbage-first heap   total 114688K, used 79374K [0x0000000080000000, 0x0000000100000000)
  region size 1024K, 16 young (16384K), 1 survivors (1024K)
 Metaspace       used 53118K, committed 53504K, reserved 1114112K
  class space    used 7055K, committed 7232K, reserved 1048576K
}
Event: 4.981 GC heap after
{Heap after GC invocations=23 (full 0):
 garbage-first heap   total 114688K, used 65888K [0x0000000080000000, 0x0000000100000000)
  region size 1024K, 1 young (1024K), 1 survivors (1024K)
 Metaspace       used 53118K, committed 53504K, reserved 1114112K
  class space    used 7055K, committed 7232K, reserved 1048576K
}
Event: 5.116 GC heap before
{Heap before GC invocations=24 (full 0):
 garbage-first heap   total 117760K, used 95584K [0x0000000080000000, 0x0000000100000000)
  region size 1024K, 29 young (29696K), 1 survivors (1024K)
 Metaspace       used 53223K, committed 53632K, reserved 1114112K
  class space    used 7071K, committed 7232K, reserved 1048576K
}
Event: 5.117 GC heap after
{Heap after GC invocations=25 (full 0):
 garbage-first heap   total 117760K, used 65997K [0x0000000080000000, 0x0000000100000000)
  region size 1024K, 1 young (1024K), 1 survivors (1024K)
 Metaspace       used 53223K, committed 53632K, reserved 1114112K
  class space    used 7071K, committed 7232K, reserved 1048576K
}
Event: 5.137 GC heap before
{Heap before GC invocations=25 (full 0):
 garbage-first heap   total 117760K, used 70093K [0x0000000080000000, 0x0000000100000000)
  region size 1024K, 5 young (5120K), 1 survivors (1024K)
 Metaspace       used 53223K, committed 53632K, reserved 1114112K
  class space    used 7071K, committed 7232K, reserved 1048576K
}
Event: 5.138 GC heap after
{Heap after GC invocations=26 (full 0):
 garbage-first heap   total 117760K, used 65568K [0x0000000080000000, 0x0000000100000000)
  region size 1024K, 1 young (1024K), 1 survivors (1024K)
 Metaspace       used 53223K, committed 53632K, reserved 1114112K
  class space    used 7071K, committed 7232K, reserved 1048576K
}
Event: 5.237 GC heap before
{Heap before GC invocations=26 (full 0):
 garbage-first heap   total 117760K, used 97312K [0x0000000080000000, 0x0000000100000000)
  region size 1024K, 32 young (32768K), 1 survivors (1024K)
 Metaspace       used 53228K, committed 53632K, reserved 1114112K
  class space    used 7071K, committed 7232K, reserved 1048576K
}
Event: 5.238 GC heap after
{Heap after GC invocations=27 (full 0):
 garbage-first heap   total 141312K, used 65763K [0x0000000080000000, 0x0000000100000000)
  region size 1024K, 1 young (1024K), 1 survivors (1024K)
 Metaspace       used 53228K, committed 53632K, reserved 1114112K
  class space    used 7071K, committed 7232K, reserved 1048576K
}
Event: 5.403 GC heap before
{Heap before GC invocations=28 (full 0):
 garbage-first heap   total 141312K, used 116963K [0x0000000080000000, 0x0000000100000000)
  region size 1024K, 51 young (52224K), 1 survivors (1024K)
 Metaspace       used 53234K, committed 53632K, reserved 1114112K
  class space    used 7071K, committed 7232K, reserved 1048576K
}
Event: 5.404 GC heap after
{Heap after GC invocations=29 (full 0):
 garbage-first heap   total 141312K, used 66201K [0x0000000080000000, 0x0000000100000000)
  region size 1024K, 1 young (1024K), 1 survivors (1024K)
 Metaspace       used 53234K, committed 53632K, reserved 1114112K
  class space    used 7071K, committed 7232K, reserved 1048576K
}
Event: 5.417 GC heap before
{Heap before GC invocations=29 (full 0):
 garbage-first heap   total 141312K, used 71321K [0x0000000080000000, 0x0000000100000000)
  region size 1024K, 6 young (6144K), 1 survivors (1024K)
 Metaspace       used 53234K, committed 53632K, reserved 1114112K
  class space    used 7071K, committed 7232K, reserved 1048576K
}
Event: 5.418 GC heap after
{Heap after GC invocations=30 (full 0):
 garbage-first heap   total 141312K, used 65786K [0x0000000080000000, 0x0000000100000000)
  region size 1024K, 1 young (1024K), 1 survivors (1024K)
 Metaspace       used 53234K, committed 53632K, reserved 1114112K
  class space    used 7071K, committed 7232K, reserved 1048576K
}
Event: 5.561 GC heap before
{Heap before GC invocations=30 (full 0):
 garbage-first heap   total 141312K, used 119034K [0x0000000080000000, 0x0000000100000000)
  region size 1024K, 53 young (54272K), 1 survivors (1024K)
 Metaspace       used 53240K, committed 53632K, reserved 1114112K
  class space    used 7071K, committed 7232K, reserved 1048576K
}
Event: 5.562 GC heap after
{Heap after GC invocations=31 (full 0):
 garbage-first heap   total 141312K, used 66189K [0x0000000080000000, 0x0000000100000000)
  region size 1024K, 1 young (1024K), 1 survivors (1024K)
 Metaspace       used 53240K, committed 53632K, reserved 1114112K
  class space    used 7071K, committed 7232K, reserved 1048576K
}
Event: 5.731 GC heap before
{Heap before GC invocations=32 (full 0):
 garbage-first heap   total 141312K, used 120461K [0x0000000080000000, 0x0000000100000000)
  region size 1024K, 54 young (55296K), 1 survivors (1024K)
 Metaspace       used 53252K, committed 53632K, reserved 1114112K
  class space    used 7072K, committed 7232K, reserved 1048576K
}
Event: 5.732 GC heap after
{Heap after GC invocations=33 (full 0):
 garbage-first heap   total 141312K, used 66611K [0x0000000080000000, 0x0000000100000000)
  region size 1024K, 2 young (2048K), 2 survivors (2048K)
 Metaspace       used 53252K, committed 53632K, reserved 1114112K
  class space    used 7072K, committed 7232K, reserved 1048576K
}
Event: 5.875 GC heap before
{Heap before GC invocations=33 (full 0):
 garbage-first heap   total 141312K, used 119859K [0x0000000080000000, 0x0000000100000000)
  region size 1024K, 54 young (55296K), 2 survivors (2048K)
 Metaspace       used 53276K, committed 53632K, reserved 1114112K
  class space    used 7073K, committed 7232K, reserved 1048576K
}
Event: 5.877 GC heap after
{Heap after GC invocations=34 (full 0):
 garbage-first heap   total 141312K, used 67146K [0x0000000080000000, 0x0000000100000000)
  region size 1024K, 2 young (2048K), 2 survivors (2048K)
 Metaspace       used 53276K, committed 53632K, reserved 1114112K
  class space    used 7073K, committed 7232K, reserved 1048576K
}
Event: 6.018 GC heap before
{Heap before GC invocations=35 (full 0):
 garbage-first heap   total 141312K, used 121418K [0x0000000080000000, 0x0000000100000000)
  region size 1024K, 55 young (56320K), 2 survivors (2048K)
 Metaspace       used 53287K, committed 53632K, reserved 1114112K
  class space    used 7073K, committed 7232K, reserved 1048576K
}
Event: 6.020 GC heap after
{Heap after GC invocations=36 (full 0):
 garbage-first heap   total 174080K, used 67601K [0x0000000080000000, 0x0000000100000000)
  region size 1024K, 3 young (3072K), 3 survivors (3072K)
 Metaspace       used 53287K, committed 53632K, reserved 1114112K
  class space    used 7073K, committed 7232K, reserved 1048576K
}

